小米推送/MiPush_Client_Android_20190718/PushDemo4Studio/PushDemo/build/outputs/logs/manifest-merger-debug-report.txt
-- Merging decision tree log ---
manifest
ADDED from PushDemo4Studio/PushDemo/AndroidManifest.xml:2:1-98:12
	package
		ADDED from PushDemo4Studio/PushDemo/AndroidManifest.xml:3:5-36
		INJECTED from PushDemo4Studio/PushDemo/AndroidManifest.xml
		INJECTED from PushDemo4Studio/PushDemo/AndroidManifest.xml
	android:versionName
		ADDED from PushDemo4Studio/PushDemo/AndroidManifest.xml:5:5-30
		INJECTED from PushDemo4Studio/PushDemo/AndroidManifest.xml
		INJECTED from PushDemo4Studio/PushDemo/AndroidManifest.xml
	android:versionCode
		ADDED from PushDemo4Studio/PushDemo/AndroidManifest.xml:4:5-28
		INJECTED from PushDemo4Studio/PushDemo/AndroidManifest.xml
		INJECTED from PushDemo4Studio/PushDemo/AndroidManifest.xml
	xmlns:android
		ADDED from PushDemo4Studio/PushDemo/AndroidManifest.xml:2:11-69
uses-sdk
ADDED from PushDemo4Studio/PushDemo/AndroidManifest.xml:7:5-9:41
	android:targetSdkVersion
		ADDED from PushDemo4Studio/PushDemo/AndroidManifest.xml:9:9-38
		INJECTED from PushDemo4Studio/PushDemo/AndroidManifest.xml
		INJECTED from PushDemo4Studio/PushDemo/AndroidManifest.xml
	android:minSdkVersion
		ADDED from PushDemo4Studio/PushDemo/AndroidManifest.xml:8:9-34
		INJECTED from PushDemo4Studio/PushDemo/AndroidManifest.xml
		INJECTED from PushDemo4Studio/PushDemo/AndroidManifest.xml
uses-permission#android.permission.WRITE_EXTERNAL_STORAGE
ADDED from PushDemo4Studio/PushDemo/AndroidManifest.xml:11:5-81
	android:name
		ADDED from PushDemo4Studio/PushDemo/AndroidManifest.xml:11:22-78
uses-permission#android.permission.INTERNET
ADDED from PushDemo4Studio/PushDemo/AndroidManifest.xml:12:5-67
	android:name
		ADDED from PushDemo4Studio/PushDemo/AndroidManifest.xml:12:22-64
uses-permission#android.permission.ACCESS_NETWORK_STATE
ADDED from PushDemo4Studio/PushDemo/AndroidManifest.xml:13:5-79
	android:name
		ADDED from PushDemo4Studio/PushDemo/AndroidManifest.xml:13:22-76
uses-permission#android.permission.ACCESS_WIFI_STATE
ADDED from PushDemo4Studio/PushDemo/AndroidManifest.xml:14:5-76
	android:name
		ADDED from PushDemo4Studio/PushDemo/AndroidManifest.xml:14:22-73
uses-permission#android.permission.READ_PHONE_STATE
ADDED from PushDemo4Studio/PushDemo/AndroidManifest.xml:15:5-75
	android:name
		ADDED from PushDemo4Studio/PushDemo/AndroidManifest.xml:15:22-72
uses-permission#android.permission.GET_TASKS
ADDED from PushDemo4Studio/PushDemo/AndroidManifest.xml:16:5-68
	android:name
		ADDED from PushDemo4Studio/PushDemo/AndroidManifest.xml:16:22-65
permission#com.xiaomi.mipushdemo.permission.MIPUSH_RECEIVE
ADDED from PushDemo4Studio/PushDemo/AndroidManifest.xml:18:5-20:47
	android:protectionLevel
		ADDED from PushDemo4Studio/PushDemo/AndroidManifest.xml:20:9-44
	android:name
		ADDED from PushDemo4Studio/PushDemo/AndroidManifest.xml:19:9-71
uses-permission#com.xiaomi.mipushdemo.permission.MIPUSH_RECEIVE
ADDED from PushDemo4Studio/PushDemo/AndroidManifest.xml:22:5-87
	android:name
		ADDED from PushDemo4Studio/PushDemo/AndroidManifest.xml:22:22-84
uses-permission#android.permission.VIBRATE
ADDED from PushDemo4Studio/PushDemo/AndroidManifest.xml:23:5-66
	android:name
		ADDED from PushDemo4Studio/PushDemo/AndroidManifest.xml:23:22-63
application
ADDED from PushDemo4Studio/PushDemo/AndroidManifest.xml:25:5-96:19
	android:label
		ADDED from PushDemo4Studio/PushDemo/AndroidManifest.xml:28:9-41
	android:icon
		ADDED from PushDemo4Studio/PushDemo/AndroidManifest.xml:27:9-45
	android:theme
		ADDED from PushDemo4Studio/PushDemo/AndroidManifest.xml:29:9-40
	android:name
		ADDED from PushDemo4Studio/PushDemo/AndroidManifest.xml:26:9-61
activity#com.xiaomi.mipushdemo.MainActivity
ADDED from PushDemo4Studio/PushDemo/AndroidManifest.xml:31:9-39:20
	android:label
		ADDED from PushDemo4Studio/PushDemo/AndroidManifest.xml:33:13-45
	android:name
		ADDED from PushDemo4Studio/PushDemo/AndroidManifest.xml:32:13-62
intent-filter#android.intent.action.MAIN+android.intent.category.LAUNCHER
ADDED from PushDemo4Studio/PushDemo/AndroidManifest.xml:34:13-38:29
action#android.intent.action.MAIN
ADDED from PushDemo4Studio/PushDemo/AndroidManifest.xml:35:17-69
	android:name
		ADDED from PushDemo4Studio/PushDemo/AndroidManifest.xml:35:25-66
category#android.intent.category.LAUNCHER
ADDED from PushDemo4Studio/PushDemo/AndroidManifest.xml:37:17-77
	android:name
		ADDED from PushDemo4Studio/PushDemo/AndroidManifest.xml:37:27-74
activity#com.xiaomi.mipushdemo.PermissionActivity
ADDED from PushDemo4Studio/PushDemo/AndroidManifest.xml:41:9-44:32
	android:label
		ADDED from PushDemo4Studio/PushDemo/AndroidManifest.xml:44:13-29
	android:theme
		ADDED from PushDemo4Studio/PushDemo/AndroidManifest.xml:43:13-52
	android:name
		ADDED from PushDemo4Studio/PushDemo/AndroidManifest.xml:42:13-68
service#com.xiaomi.push.service.XMJobService
ADDED from PushDemo4Studio/PushDemo/AndroidManifest.xml:46:9-51:46
	android:enabled
		ADDED from PushDemo4Studio/PushDemo/AndroidManifest.xml:48:13-35
	android:process
		ADDED from PushDemo4Studio/PushDemo/AndroidManifest.xml:51:13-43
	android:exported
		ADDED from PushDemo4Studio/PushDemo/AndroidManifest.xml:49:13-37
	android:permission
		ADDED from PushDemo4Studio/PushDemo/AndroidManifest.xml:50:13-69
	android:name
		ADDED from PushDemo4Studio/PushDemo/AndroidManifest.xml:47:13-64
service#com.xiaomi.push.service.XMPushService
ADDED from PushDemo4Studio/PushDemo/AndroidManifest.xml:53:9-56:46
	android:enabled
		ADDED from PushDemo4Studio/PushDemo/AndroidManifest.xml:55:13-35
	android:process
		ADDED from PushDemo4Studio/PushDemo/AndroidManifest.xml:56:13-43
	android:name
		ADDED from PushDemo4Studio/PushDemo/AndroidManifest.xml:54:13-65
service#com.xiaomi.mipush.sdk.PushMessageHandler
ADDED from PushDemo4Studio/PushDemo/AndroidManifest.xml:58:9-61:39
	android:enabled
		ADDED from PushDemo4Studio/PushDemo/AndroidManifest.xml:60:13-35
	android:exported
		ADDED from PushDemo4Studio/PushDemo/AndroidManifest.xml:61:13-36
	android:name
		ADDED from PushDemo4Studio/PushDemo/AndroidManifest.xml:59:13-68
service#com.xiaomi.mipush.sdk.MessageHandleService
ADDED from PushDemo4Studio/PushDemo/AndroidManifest.xml:62:9-64:38
	android:enabled
		ADDED from PushDemo4Studio/PushDemo/AndroidManifest.xml:64:13-35
	android:name
		ADDED from PushDemo4Studio/PushDemo/AndroidManifest.xml:63:13-70
receiver#com.xiaomi.mipushdemo.DemoMessageReceiver
ADDED from PushDemo4Studio/PushDemo/AndroidManifest.xml:66:9-78:20
	android:exported
		ADDED from PushDemo4Studio/PushDemo/AndroidManifest.xml:68:13-36
	android:name
		ADDED from PushDemo4Studio/PushDemo/AndroidManifest.xml:67:13-69
intent-filter#com.xiaomi.mipush.RECEIVE_MESSAGE
ADDED from PushDemo4Studio/PushDemo/AndroidManifest.xml:69:13-71:29
action#com.xiaomi.mipush.RECEIVE_MESSAGE
ADDED from PushDemo4Studio/PushDemo/AndroidManifest.xml:70:17-76
	android:name
		ADDED from PushDemo4Studio/PushDemo/AndroidManifest.xml:70:25-73
intent-filter#com.xiaomi.mipush.MESSAGE_ARRIVED
ADDED from PushDemo4Studio/PushDemo/AndroidManifest.xml:72:13-74:29
action#com.xiaomi.mipush.MESSAGE_ARRIVED
ADDED from PushDemo4Studio/PushDemo/AndroidManifest.xml:73:17-76
	android:name
		ADDED from PushDemo4Studio/PushDemo/AndroidManifest.xml:73:25-73
intent-filter#com.xiaomi.mipush.ERROR
ADDED from PushDemo4Studio/PushDemo/AndroidManifest.xml:75:13-77:29
action#com.xiaomi.mipush.ERROR
ADDED from PushDemo4Studio/PushDemo/AndroidManifest.xml:76:17-66
	android:name
		ADDED from PushDemo4Studio/PushDemo/AndroidManifest.xml:76:25-63
receiver#com.xiaomi.push.service.receivers.NetworkStatusReceiver
ADDED from PushDemo4Studio/PushDemo/AndroidManifest.xml:79:9-87:20
	android:exported
		ADDED from PushDemo4Studio/PushDemo/AndroidManifest.xml:81:13-36
	android:name
		ADDED from PushDemo4Studio/PushDemo/AndroidManifest.xml:80:13-83
intent-filter#android.intent.category.DEFAULT+android.net.conn.CONNECTIVITY_CHANGE
ADDED from PushDemo4Studio/PushDemo/AndroidManifest.xml:82:13-86:29
action#android.net.conn.CONNECTIVITY_CHANGE
ADDED from PushDemo4Studio/PushDemo/AndroidManifest.xml:83:17-79
	android:name
		ADDED from PushDemo4Studio/PushDemo/AndroidManifest.xml:83:25-76
category#android.intent.category.DEFAULT
ADDED from PushDemo4Studio/PushDemo/AndroidManifest.xml:85:17-76
	android:name
		ADDED from PushDemo4Studio/PushDemo/AndroidManifest.xml:85:27-73
receiver#com.xiaomi.push.service.receivers.PingReceiver
ADDED from PushDemo4Studio/PushDemo/AndroidManifest.xml:88:9-95:20
	android:process
		ADDED from PushDemo4Studio/PushDemo/AndroidManifest.xml:91:13-43
	android:exported
		ADDED from PushDemo4Studio/PushDemo/AndroidManifest.xml:90:13-37
	android:name
		ADDED from PushDemo4Studio/PushDemo/AndroidManifest.xml:89:13-74
intent-filter#com.xiaomi.push.PING_TIMER
ADDED from PushDemo4Studio/PushDemo/AndroidManifest.xml:92:13-94:29
action#com.xiaomi.push.PING_TIMER
ADDED from PushDemo4Studio/PushDemo/AndroidManifest.xml:93:17-69
	android:name
		ADDED from PushDemo4Studio/PushDemo/AndroidManifest.xml:93:25-66